<?xml version="1.0" encoding="UTF-8"?>
<testsuite xmlns:xsi="http://www.w3.org/2001/XMLSchema-instance" xsi:noNamespaceSchemaLocation="https://maven.apache.org/surefire/maven-surefire-plugin/xsd/surefire-test-report-3.0.xsd" version="3.0" name="TestSuite" time="54.629" tests="5" errors="0" skipped="0" failures="0">
  <properties>
    <property name="java.specification.version" value="20"/>
    <property name="sun.jnu.encoding" value="UTF-8"/>
    <property name="java.class.path" value="/Users/sowmya.r/Documents/Airbase/eComm/target/test-classes:/Users/sowmya.r/Documents/Airbase/eComm/target/classes:/Users/sowmya.r/.m2/repository/org/seleniumhq/selenium/selenium-chrome-driver/3.141.59/selenium-chrome-driver-3.141.59.jar:/Users/sowmya.r/.m2/repository/org/seleniumhq/selenium/selenium-api/3.141.59/selenium-api-3.141.59.jar:/Users/sowmya.r/.m2/repository/org/seleniumhq/selenium/selenium-remote-driver/3.141.59/selenium-remote-driver-3.141.59.jar:/Users/sowmya.r/.m2/repository/net/bytebuddy/byte-buddy/1.8.15/byte-buddy-1.8.15.jar:/Users/sowmya.r/.m2/repository/org/apache/commons/commons-exec/1.3/commons-exec-1.3.jar:/Users/sowmya.r/.m2/repository/com/google/guava/guava/25.0-jre/guava-25.0-jre.jar:/Users/sowmya.r/.m2/repository/com/google/code/findbugs/jsr305/1.3.9/jsr305-1.3.9.jar:/Users/sowmya.r/.m2/repository/org/checkerframework/checker-compat-qual/2.0.0/checker-compat-qual-2.0.0.jar:/Users/sowmya.r/.m2/repository/com/google/errorprone/error_prone_annotations/2.1.3/error_prone_annotations-2.1.3.jar:/Users/sowmya.r/.m2/repository/com/google/j2objc/j2objc-annotations/1.1/j2objc-annotations-1.1.jar:/Users/sowmya.r/.m2/repository/org/codehaus/mojo/animal-sniffer-annotations/1.14/animal-sniffer-annotations-1.14.jar:/Users/sowmya.r/.m2/repository/com/squareup/okhttp3/okhttp/3.11.0/okhttp-3.11.0.jar:/Users/sowmya.r/.m2/repository/com/squareup/okio/okio/1.14.0/okio-1.14.0.jar:/Users/sowmya.r/.m2/repository/org/seleniumhq/selenium/selenium-firefox-driver/3.141.59/selenium-firefox-driver-3.141.59.jar:/Users/sowmya.r/.m2/repository/org/seleniumhq/selenium/selenium-safari-driver/3.141.59/selenium-safari-driver-3.141.59.jar:/Users/sowmya.r/.m2/repository/org/seleniumhq/selenium/selenium-edge-driver/3.141.59/selenium-edge-driver-3.141.59.jar:/Users/sowmya.r/.m2/repository/org/testng/testng/7.8.0/testng-7.8.0.jar:/Users/sowmya.r/.m2/repository/org/slf4j/slf4j-api/1.7.36/slf4j-api-1.7.36.jar:/Users/sowmya.r/.m2/repository/com/beust/jcommander/1.82/jcommander-1.82.jar:/Users/sowmya.r/.m2/repository/org/webjars/jquery/3.6.1/jquery-3.6.1.jar:/Users/sowmya.r/.m2/repository/io/github/bonigarcia/webdrivermanager/5.5.3/webdrivermanager-5.5.3.jar:/Users/sowmya.r/.m2/repository/com/google/code/gson/gson/2.10.1/gson-2.10.1.jar:/Users/sowmya.r/.m2/repository/com/github/docker-java/docker-java/3.3.3/docker-java-3.3.3.jar:/Users/sowmya.r/.m2/repository/com/github/docker-java/docker-java-core/3.3.3/docker-java-core-3.3.3.jar:/Users/sowmya.r/.m2/repository/com/github/docker-java/docker-java-api/3.3.3/docker-java-api-3.3.3.jar:/Users/sowmya.r/.m2/repository/com/fasterxml/jackson/core/jackson-annotations/2.10.3/jackson-annotations-2.10.3.jar:/Users/sowmya.r/.m2/repository/commons-io/commons-io/2.6/commons-io-2.6.jar:/Users/sowmya.r/.m2/repository/org/apache/commons/commons-compress/1.21/commons-compress-1.21.jar:/Users/sowmya.r/.m2/repository/com/fasterxml/jackson/core/jackson-databind/2.10.3/jackson-databind-2.10.3.jar:/Users/sowmya.r/.m2/repository/com/fasterxml/jackson/core/jackson-core/2.10.3/jackson-core-2.10.3.jar:/Users/sowmya.r/.m2/repository/org/bouncycastle/bcpkix-jdk18on/1.75/bcpkix-jdk18on-1.75.jar:/Users/sowmya.r/.m2/repository/org/bouncycastle/bcprov-jdk18on/1.75/bcprov-jdk18on-1.75.jar:/Users/sowmya.r/.m2/repository/org/bouncycastle/bcutil-jdk18on/1.75/bcutil-jdk18on-1.75.jar:/Users/sowmya.r/.m2/repository/org/slf4j/jcl-over-slf4j/1.7.30/jcl-over-slf4j-1.7.30.jar:/Users/sowmya.r/.m2/repository/com/github/docker-java/docker-java-transport-httpclient5/3.3.3/docker-java-transport-httpclient5-3.3.3.jar:/Users/sowmya.r/.m2/repository/com/github/docker-java/docker-java-transport/3.3.3/docker-java-transport-3.3.3.jar:/Users/sowmya.r/.m2/repository/net/java/dev/jna/jna/5.12.1/jna-5.12.1.jar:/Users/sowmya.r/.m2/repository/org/brotli/dec/0.1.2/dec-0.1.2.jar:/Users/sowmya.r/.m2/repository/org/apache/commons/commons-lang3/3.13.0/commons-lang3-3.13.0.jar:/Users/sowmya.r/.m2/repository/org/apache/httpcomponents/client5/httpclient5/5.2.1/httpclient5-5.2.1.jar:/Users/sowmya.r/.m2/repository/org/apache/httpcomponents/core5/httpcore5/5.2/httpcore5-5.2.jar:/Users/sowmya.r/.m2/repository/org/apache/httpcomponents/core5/httpcore5-h2/5.2/httpcore5-h2-5.2.jar:/Users/sowmya.r/.m2/repository/org/apache/logging/log4j/log4j-api/2.17.1/log4j-api-2.17.1.jar:/Users/sowmya.r/.m2/repository/org/apache/logging/log4j/log4j-to-slf4j/2.8.2/log4j-to-slf4j-2.8.2.jar:/Users/sowmya.r/.m2/repository/org/json/json/20211205/json-20211205.jar:/Users/sowmya.r/.m2/repository/com/googlecode/json-simple/json-simple/1.1.1/json-simple-1.1.1.jar:/Users/sowmya.r/.m2/repository/junit/junit/4.10/junit-4.10.jar:/Users/sowmya.r/.m2/repository/org/hamcrest/hamcrest-core/1.1/hamcrest-core-1.1.jar:/Users/sowmya.r/.m2/repository/com/aventstack/extentreports/5.1.0/extentreports-5.1.0.jar:/Users/sowmya.r/.m2/repository/io/reactivex/rxjava3/rxjava/3.1.6/rxjava-3.1.6.jar:/Users/sowmya.r/.m2/repository/org/reactivestreams/reactive-streams/1.0.4/reactive-streams-1.0.4.jar:/Users/sowmya.r/.m2/repository/org/freemarker/freemarker/2.3.32/freemarker-2.3.32.jar:/Users/sowmya.r/.m2/repository/org/projectlombok/lombok/1.18.26/lombok-1.18.26.jar:/Users/sowmya.r/.m2/repository/org/seleniumhq/selenium/selenium-support/3.141.59/selenium-support-3.141.59.jar:"/>
    <property name="java.vm.vendor" value="Homebrew"/>
    <property name="sun.arch.data.model" value="64"/>
    <property name="java.vendor.url" value="https://github.com/Homebrew/homebrew-core/issues"/>
    <property name="os.name" value="Mac OS X"/>
    <property name="java.vm.specification.version" value="20"/>
    <property name="sun.java.launcher" value="SUN_STANDARD"/>
    <property name="user.country" value="GB"/>
    <property name="sun.boot.library.path" value="/usr/local/Cellar/openjdk/20.0.2/libexec/openjdk.jdk/Contents/Home/lib"/>
    <property name="sun.java.command" value="/Users/sowmya.r/Documents/Airbase/eComm/target/surefire/surefirebooter5866028486755675310.jar /Users/sowmya.r/Documents/Airbase/eComm/target/surefire 2023-09-12T08-23-48_683-jvmRun1 surefire6494071528940841540tmp surefire_013696045202746403919tmp"/>
    <property name="http.nonProxyHosts" value="local|*.local|169.254/16|*.169.254/16"/>
    <property name="jdk.debug" value="release"/>
    <property name="surefire.test.class.path" value="/Users/sowmya.r/Documents/Airbase/eComm/target/test-classes:/Users/sowmya.r/Documents/Airbase/eComm/target/classes:/Users/sowmya.r/.m2/repository/org/seleniumhq/selenium/selenium-chrome-driver/3.141.59/selenium-chrome-driver-3.141.59.jar:/Users/sowmya.r/.m2/repository/org/seleniumhq/selenium/selenium-api/3.141.59/selenium-api-3.141.59.jar:/Users/sowmya.r/.m2/repository/org/seleniumhq/selenium/selenium-remote-driver/3.141.59/selenium-remote-driver-3.141.59.jar:/Users/sowmya.r/.m2/repository/net/bytebuddy/byte-buddy/1.8.15/byte-buddy-1.8.15.jar:/Users/sowmya.r/.m2/repository/org/apache/commons/commons-exec/1.3/commons-exec-1.3.jar:/Users/sowmya.r/.m2/repository/com/google/guava/guava/25.0-jre/guava-25.0-jre.jar:/Users/sowmya.r/.m2/repository/com/google/code/findbugs/jsr305/1.3.9/jsr305-1.3.9.jar:/Users/sowmya.r/.m2/repository/org/checkerframework/checker-compat-qual/2.0.0/checker-compat-qual-2.0.0.jar:/Users/sowmya.r/.m2/repository/com/google/errorprone/error_prone_annotations/2.1.3/error_prone_annotations-2.1.3.jar:/Users/sowmya.r/.m2/repository/com/google/j2objc/j2objc-annotations/1.1/j2objc-annotations-1.1.jar:/Users/sowmya.r/.m2/repository/org/codehaus/mojo/animal-sniffer-annotations/1.14/animal-sniffer-annotations-1.14.jar:/Users/sowmya.r/.m2/repository/com/squareup/okhttp3/okhttp/3.11.0/okhttp-3.11.0.jar:/Users/sowmya.r/.m2/repository/com/squareup/okio/okio/1.14.0/okio-1.14.0.jar:/Users/sowmya.r/.m2/repository/org/seleniumhq/selenium/selenium-firefox-driver/3.141.59/selenium-firefox-driver-3.141.59.jar:/Users/sowmya.r/.m2/repository/org/seleniumhq/selenium/selenium-safari-driver/3.141.59/selenium-safari-driver-3.141.59.jar:/Users/sowmya.r/.m2/repository/org/seleniumhq/selenium/selenium-edge-driver/3.141.59/selenium-edge-driver-3.141.59.jar:/Users/sowmya.r/.m2/repository/org/testng/testng/7.8.0/testng-7.8.0.jar:/Users/sowmya.r/.m2/repository/org/slf4j/slf4j-api/1.7.36/slf4j-api-1.7.36.jar:/Users/sowmya.r/.m2/repository/com/beust/jcommander/1.82/jcommander-1.82.jar:/Users/sowmya.r/.m2/repository/org/webjars/jquery/3.6.1/jquery-3.6.1.jar:/Users/sowmya.r/.m2/repository/io/github/bonigarcia/webdrivermanager/5.5.3/webdrivermanager-5.5.3.jar:/Users/sowmya.r/.m2/repository/com/google/code/gson/gson/2.10.1/gson-2.10.1.jar:/Users/sowmya.r/.m2/repository/com/github/docker-java/docker-java/3.3.3/docker-java-3.3.3.jar:/Users/sowmya.r/.m2/repository/com/github/docker-java/docker-java-core/3.3.3/docker-java-core-3.3.3.jar:/Users/sowmya.r/.m2/repository/com/github/docker-java/docker-java-api/3.3.3/docker-java-api-3.3.3.jar:/Users/sowmya.r/.m2/repository/com/fasterxml/jackson/core/jackson-annotations/2.10.3/jackson-annotations-2.10.3.jar:/Users/sowmya.r/.m2/repository/commons-io/commons-io/2.6/commons-io-2.6.jar:/Users/sowmya.r/.m2/repository/org/apache/commons/commons-compress/1.21/commons-compress-1.21.jar:/Users/sowmya.r/.m2/repository/com/fasterxml/jackson/core/jackson-databind/2.10.3/jackson-databind-2.10.3.jar:/Users/sowmya.r/.m2/repository/com/fasterxml/jackson/core/jackson-core/2.10.3/jackson-core-2.10.3.jar:/Users/sowmya.r/.m2/repository/org/bouncycastle/bcpkix-jdk18on/1.75/bcpkix-jdk18on-1.75.jar:/Users/sowmya.r/.m2/repository/org/bouncycastle/bcprov-jdk18on/1.75/bcprov-jdk18on-1.75.jar:/Users/sowmya.r/.m2/repository/org/bouncycastle/bcutil-jdk18on/1.75/bcutil-jdk18on-1.75.jar:/Users/sowmya.r/.m2/repository/org/slf4j/jcl-over-slf4j/1.7.30/jcl-over-slf4j-1.7.30.jar:/Users/sowmya.r/.m2/repository/com/github/docker-java/docker-java-transport-httpclient5/3.3.3/docker-java-transport-httpclient5-3.3.3.jar:/Users/sowmya.r/.m2/repository/com/github/docker-java/docker-java-transport/3.3.3/docker-java-transport-3.3.3.jar:/Users/sowmya.r/.m2/repository/net/java/dev/jna/jna/5.12.1/jna-5.12.1.jar:/Users/sowmya.r/.m2/repository/org/brotli/dec/0.1.2/dec-0.1.2.jar:/Users/sowmya.r/.m2/repository/org/apache/commons/commons-lang3/3.13.0/commons-lang3-3.13.0.jar:/Users/sowmya.r/.m2/repository/org/apache/httpcomponents/client5/httpclient5/5.2.1/httpclient5-5.2.1.jar:/Users/sowmya.r/.m2/repository/org/apache/httpcomponents/core5/httpcore5/5.2/httpcore5-5.2.jar:/Users/sowmya.r/.m2/repository/org/apache/httpcomponents/core5/httpcore5-h2/5.2/httpcore5-h2-5.2.jar:/Users/sowmya.r/.m2/repository/org/apache/logging/log4j/log4j-api/2.17.1/log4j-api-2.17.1.jar:/Users/sowmya.r/.m2/repository/org/apache/logging/log4j/log4j-to-slf4j/2.8.2/log4j-to-slf4j-2.8.2.jar:/Users/sowmya.r/.m2/repository/org/json/json/20211205/json-20211205.jar:/Users/sowmya.r/.m2/repository/com/googlecode/json-simple/json-simple/1.1.1/json-simple-1.1.1.jar:/Users/sowmya.r/.m2/repository/junit/junit/4.10/junit-4.10.jar:/Users/sowmya.r/.m2/repository/org/hamcrest/hamcrest-core/1.1/hamcrest-core-1.1.jar:/Users/sowmya.r/.m2/repository/com/aventstack/extentreports/5.1.0/extentreports-5.1.0.jar:/Users/sowmya.r/.m2/repository/io/reactivex/rxjava3/rxjava/3.1.6/rxjava-3.1.6.jar:/Users/sowmya.r/.m2/repository/org/reactivestreams/reactive-streams/1.0.4/reactive-streams-1.0.4.jar:/Users/sowmya.r/.m2/repository/org/freemarker/freemarker/2.3.32/freemarker-2.3.32.jar:/Users/sowmya.r/.m2/repository/org/projectlombok/lombok/1.18.26/lombok-1.18.26.jar:/Users/sowmya.r/.m2/repository/org/seleniumhq/selenium/selenium-support/3.141.59/selenium-support-3.141.59.jar:"/>
    <property name="sun.cpu.endian" value="little"/>
    <property name="user.home" value="/Users/sowmya.r"/>
    <property name="user.language" value="en"/>
    <property name="java.specification.vendor" value="Oracle Corporation"/>
    <property name="java.version.date" value="2023-07-18"/>
    <property name="java.home" value="/usr/local/Cellar/openjdk/20.0.2/libexec/openjdk.jdk/Contents/Home"/>
    <property name="file.separator" value="/"/>
    <property name="basedir" value="/Users/sowmya.r/Documents/Airbase/eComm"/>
    <property name="java.vm.compressedOopsMode" value="Zero based"/>
    <property name="line.separator" value="&#10;"/>
    <property name="java.vm.specification.vendor" value="Oracle Corporation"/>
    <property name="java.specification.name" value="Java Platform API Specification"/>
    <property name="apple.awt.application.name" value="ForkedBooter"/>
    <property name="surefire.real.class.path" value="/Users/sowmya.r/Documents/Airbase/eComm/target/surefire/surefirebooter5866028486755675310.jar"/>
    <property name="sun.management.compiler" value="HotSpot 64-Bit Tiered Compilers"/>
    <property name="ftp.nonProxyHosts" value="local|*.local|169.254/16|*.169.254/16"/>
    <property name="java.runtime.version" value="20.0.2"/>
    <property name="testDataFile" value="testData1.json"/>
    <property name="user.name" value="sowmya.r"/>
    <property name="stdout.encoding" value="UTF-8"/>
    <property name="path.separator" value=":"/>
    <property name="os.version" value="11.7"/>
    <property name="java.runtime.name" value="OpenJDK Runtime Environment"/>
    <property name="file.encoding" value="UTF-8"/>
    <property name="browser" value="Edge"/>
    <property name="java.vm.name" value="OpenJDK 64-Bit Server VM"/>
    <property name="java.vendor.version" value="Homebrew"/>
    <property name="localRepository" value="/Users/sowmya.r/.m2/repository"/>
    <property name="java.vendor.url.bug" value="https://github.com/Homebrew/homebrew-core/issues"/>
    <property name="java.io.tmpdir" value="/var/folders/91/641sxtq93mj0szykf8kq_syc0000gp/T/"/>
    <property name="java.version" value="20.0.2"/>
    <property name="user.dir" value="/Users/sowmya.r/Documents/Airbase/eComm"/>
    <property name="os.arch" value="x86_64"/>
    <property name="java.vm.specification.name" value="Java Virtual Machine Specification"/>
    <property name="native.encoding" value="UTF-8"/>
    <property name="java.library.path" value="/Users/sowmya.r/Library/Java/Extensions:/Library/Java/Extensions:/Network/Library/Java/Extensions:/System/Library/Java/Extensions:/usr/lib/java:."/>
    <property name="java.vm.info" value="mixed mode, sharing"/>
    <property name="stderr.encoding" value="UTF-8"/>
    <property name="java.vendor" value="Homebrew"/>
    <property name="java.vm.version" value="20.0.2"/>
    <property name="TestNGSuiteFile" value="testng.xml"/>
    <property name="sun.io.unicode.encoding" value="UnicodeBig"/>
    <property name="socksNonProxyHosts" value="local|*.local|169.254/16|*.169.254/16"/>
    <property name="java.class.version" value="64.0"/>
  </properties>
  <testcase name="searchProduct" classname="in.assignment.test.AddToCart" time="2.238"/>
  <testcase name="verifyPageTitle" classname="in.assignment.test.AddToCart" time="0.204"/>
  <testcase name="filterProductAndAddToCart" classname="in.assignment.test.AddToCart" time="16.45"/>
  <testcase name="filterProductAndAddToCart" classname="in.assignment.test.AddToCart" time="13.75"/>
  <testcase name="filterProductAndAddToCart" classname="in.assignment.test.AddToCart" time="13.081"/>
</testsuite>