<?xml version="1.0" encoding="UTF-8"?>
<!-- Generated by org.testng.reporters.JUnitReportReporter -->
<testsuite hostname="TBMDVSOWMYAR" failures="0" tests="5" name="in.assignment.test.AddToCart" time="45.938" errors="0" timestamp="2023-09-12T08:24:43 IST" skipped="0">
  <testcase classname="in.assignment.test.AddToCart" name="searchProduct" time="2.234"/>
  <testcase classname="in.assignment.test.AddToCart" name="filterProductAndAddToCart" time="13.751"/>
  <testcase classname="in.assignment.test.AddToCart" name="filterProductAndAddToCart" time="16.669"/>
  <testcase classname="in.assignment.test.AddToCart" name="verifyPageTitle" time="0.203"/>
  <testcase classname="in.assignment.test.AddToCart" name="filterProductAndAddToCart" time="13.081"/>
</testsuite> <!-- in.assignment.test.AddToCart -->
